2019-09-05T14:00:44+00:00 CRITICAL Uncaught Error: Call to undefined function is_post() in /var/www/vhosts/gerasko.dv.ancorathemes.com/ureach.gerasko.dv.ancorathemes.com/wp-content/themes/ureach/templates/header-default.php:32
Stack trace:
#0 /var/www/vhosts/gerasko.dv.ancorathemes.com/ureach.gerasko.dv.ancorathemes.com/wp-includes/template.php(724): require()
#1 /var/www/vhosts/gerasko.dv.ancorathemes.com/ureach.gerasko.dv.ancorathemes.com/wp-includes/template.php(671): load_template('/var/www/vhosts...', false)
#2 /var/www/vhosts/gerasko.dv.ancorathemes.com/ureach.gerasko.dv.ancorathemes.com/wp-includes/general-template.php(168): locate_template(Array, true, false)
#3 /var/www/vhosts/gerasko.dv.ancorathemes.com/ureach.gerasko.dv.ancorathemes.com/wp-content/themes/ureach/header.php(30): get_template_part('templates/heade...')
#4 /var/www/vhosts/gerasko.dv.ancorathemes.com/ureach.gerasko.dv.ancorathemes.com/wp-includes/template.php(722): require_once('/var/www/vhosts...')
#5 /var/www/vhosts/gerasko.dv.ancorathemes.com/ureach.gerasko.dv.ancorat in /var/www/vhosts/gerasko.dv.ancorathemes.com/ureach.gerasko.dv.ancorathemes.com/wp-content/themes/ureach/templates/header-default.php on line 32

2019-09-05T14:00:49+00:00 CRITICAL Uncaught Error: Call to undefined function is_post() in /var/www/vhosts/gerasko.dv.ancorathemes.com/ureach.gerasko.dv.ancorathemes.com/wp-content/themes/ureach/templates/header-default.php:32
Stack trace:
#0 /var/www/vhosts/gerasko.dv.ancorathemes.com/ureach.gerasko.dv.ancorathemes.com/wp-includes/template.php(724): require()
#1 /var/www/vhosts/gerasko.dv.ancorathemes.com/ureach.gerasko.dv.ancorathemes.com/wp-includes/template.php(671): load_template('/var/www/vhosts...', false)
#2 /var/www/vhosts/gerasko.dv.ancorathemes.com/ureach.gerasko.dv.ancorathemes.com/wp-includes/general-template.php(168): locate_template(Array, true, false)
#3 /var/www/vhosts/gerasko.dv.ancorathemes.com/ureach.gerasko.dv.ancorathemes.com/wp-content/themes/ureach/header.php(30): get_template_part('templates/heade...')
#4 /var/www/vhosts/gerasko.dv.ancorathemes.com/ureach.gerasko.dv.ancorathemes.com/wp-includes/template.php(722): require_once('/var/www/vhosts...')
#5 /var/www/vhosts/gerasko.dv.ancorathemes.com/ureach.gerasko.dv.ancorat in /var/www/vhosts/gerasko.dv.ancorathemes.com/ureach.gerasko.dv.ancorathemes.com/wp-content/themes/ureach/templates/header-default.php on line 32

2019-09-05T14:00:55+00:00 CRITICAL Uncaught Error: Call to undefined function is_post() in /var/www/vhosts/gerasko.dv.ancorathemes.com/ureach.gerasko.dv.ancorathemes.com/wp-content/themes/ureach/templates/header-default.php:32
Stack trace:
#0 /var/www/vhosts/gerasko.dv.ancorathemes.com/ureach.gerasko.dv.ancorathemes.com/wp-includes/template.php(724): require()
#1 /var/www/vhosts/gerasko.dv.ancorathemes.com/ureach.gerasko.dv.ancorathemes.com/wp-includes/template.php(671): load_template('/var/www/vhosts...', false)
#2 /var/www/vhosts/gerasko.dv.ancorathemes.com/ureach.gerasko.dv.ancorathemes.com/wp-includes/general-template.php(168): locate_template(Array, true, false)
#3 /var/www/vhosts/gerasko.dv.ancorathemes.com/ureach.gerasko.dv.ancorathemes.com/wp-content/themes/ureach/header.php(30): get_template_part('templates/heade...')
#4 /var/www/vhosts/gerasko.dv.ancorathemes.com/ureach.gerasko.dv.ancorathemes.com/wp-includes/template.php(722): require_once('/var/www/vhosts...')
#5 /var/www/vhosts/gerasko.dv.ancorathemes.com/ureach.gerasko.dv.ancorat in /var/www/vhosts/gerasko.dv.ancorathemes.com/ureach.gerasko.dv.ancorathemes.com/wp-content/themes/ureach/templates/header-default.php on line 32

2019-09-05T14:00:58+00:00 CRITICAL Uncaught Error: Call to undefined function is_post() in /var/www/vhosts/gerasko.dv.ancorathemes.com/ureach.gerasko.dv.ancorathemes.com/wp-content/themes/ureach/templates/header-default.php:32
Stack trace:
#0 /var/www/vhosts/gerasko.dv.ancorathemes.com/ureach.gerasko.dv.ancorathemes.com/wp-includes/template.php(724): require()
#1 /var/www/vhosts/gerasko.dv.ancorathemes.com/ureach.gerasko.dv.ancorathemes.com/wp-includes/template.php(671): load_template('/var/www/vhosts...', false)
#2 /var/www/vhosts/gerasko.dv.ancorathemes.com/ureach.gerasko.dv.ancorathemes.com/wp-includes/general-template.php(168): locate_template(Array, true, false)
#3 /var/www/vhosts/gerasko.dv.ancorathemes.com/ureach.gerasko.dv.ancorathemes.com/wp-content/themes/ureach/header.php(30): get_template_part('templates/heade...')
#4 /var/www/vhosts/gerasko.dv.ancorathemes.com/ureach.gerasko.dv.ancorathemes.com/wp-includes/template.php(722): require_once('/var/www/vhosts...')
#5 /var/www/vhosts/gerasko.dv.ancorathemes.com/ureach.gerasko.dv.ancorat in /var/www/vhosts/gerasko.dv.ancorathemes.com/ureach.gerasko.dv.ancorathemes.com/wp-content/themes/ureach/templates/header-default.php on line 32

